<?xml version="1.0" encoding="UTF-8"?>
<coverage generated="1585842721019" clover="3.2.0">
  <project timestamp="1585842721019" name="All files">
    <metrics statements="69" coveredstatements="42" conditionals="16" coveredconditionals="10" methods="23" coveredmethods="11" elements="108" coveredelements="63" complexity="0" loc="69" ncloc="69" packages="6" files="9" classes="9">
      <package name="components.Launces">
        <metrics statements="13" coveredstatements="13" conditionals="4" coveredconditionals="4" methods="2" coveredmethods="2"/>
        <file name="index.js" path="/Users/jaydev/Projects/rocket-ui-test-v2/src/components/Launces/index.js">
          <metrics statements="13" coveredstatements="13" conditionals="4" coveredconditionals="4" methods="2" coveredmethods="2"/>
          <line num="7" count="1" type="stmt"/>
          <line num="9" count="3" type="stmt"/>
          <line num="11" count="3" type="stmt"/>
          <line num="12" count="3" type="cond" truecount="2" falsecount="0"/>
          <line num="13" count="1" type="stmt"/>
          <line num="16" count="2" type="cond" truecount="2" falsecount="0"/>
          <line num="17" count="1" type="stmt"/>
          <line num="20" count="1" type="stmt"/>
          <line num="21" count="1" type="stmt"/>
          <line num="23" count="1" type="stmt"/>
          <line num="25" count="1" type="stmt"/>
          <line num="33" count="1" type="stmt"/>
          <line num="36" count="3" type="stmt"/>
        </file>
      </package>
      <package name="components.Launch">
        <metrics statements="6" coveredstatements="5" conditionals="6" coveredconditionals="5" methods="3" coveredmethods="2"/>
        <file name="index.js" path="/Users/jaydev/Projects/rocket-ui-test-v2/src/components/Launch/index.js">
          <metrics statements="6" coveredstatements="5" conditionals="6" coveredconditionals="5" methods="3" coveredmethods="2"/>
          <line num="4" count="2" type="stmt"/>
          <line num="6" count="3" type="stmt"/>
          <line num="7" count="3" type="stmt"/>
          <line num="8" count="3" type="cond" truecount="1" falsecount="1"/>
          <line num="10" count="3" type="stmt"/>
          <line num="11" count="0" type="stmt"/>
        </file>
      </package>
      <package name="components.Navigation">
        <metrics statements="2" coveredstatements="2" conditionals="0" coveredconditionals="0" methods="1" coveredmethods="1"/>
        <file name="index.js" path="/Users/jaydev/Projects/rocket-ui-test-v2/src/components/Navigation/index.js">
          <metrics statements="2" coveredstatements="2" conditionals="0" coveredconditionals="0" methods="1" coveredmethods="1"/>
          <line num="4" count="2" type="stmt"/>
          <line num="5" count="2" type="stmt"/>
        </file>
      </package>
      <package name="services">
        <metrics statements="33" coveredstatements="11" conditionals="4" coveredconditionals="0" methods="9" coveredmethods="1"/>
        <file name="LaunchCollectionProvider.js" path="/Users/jaydev/Projects/rocket-ui-test-v2/src/services/LaunchCollectionProvider.js">
          <metrics statements="25" coveredstatements="5" conditionals="4" coveredconditionals="0" methods="7" coveredmethods="1"/>
          <line num="6" count="3" type="stmt"/>
          <line num="14" count="3" type="stmt"/>
          <line num="16" count="3" type="stmt"/>
          <line num="17" count="0" type="stmt"/>
          <line num="19" count="0" type="stmt"/>
          <line num="21" count="0" type="stmt"/>
          <line num="23" count="0" type="stmt"/>
          <line num="24" count="0" type="stmt"/>
          <line num="25" count="0" type="stmt"/>
          <line num="26" count="0" type="stmt"/>
          <line num="32" count="0" type="stmt"/>
          <line num="35" count="0" type="stmt"/>
          <line num="40" count="0" type="stmt"/>
          <line num="45" count="0" type="stmt"/>
          <line num="47" count="0" type="cond" truecount="0" falsecount="2"/>
          <line num="48" count="0" type="stmt"/>
          <line num="51" count="0" type="stmt"/>
          <line num="54" count="0" type="cond" truecount="0" falsecount="2"/>
          <line num="55" count="0" type="stmt"/>
          <line num="56" count="0" type="stmt"/>
          <line num="59" count="0" type="stmt"/>
          <line num="62" count="0" type="stmt"/>
          <line num="63" count="0" type="stmt"/>
          <line num="74" count="3" type="stmt"/>
          <line num="75" count="6" type="stmt"/>
        </file>
        <file name="SPACEXService.js" path="/Users/jaydev/Projects/rocket-ui-test-v2/src/services/SPACEXService.js">
          <metrics statements="8" coveredstatements="6" conditionals="0" coveredconditionals="0" methods="2" coveredmethods="0"/>
          <line num="3" count="3" type="stmt"/>
          <line num="4" count="3" type="stmt"/>
          <line num="5" count="3" type="stmt"/>
          <line num="7" count="3" type="stmt"/>
          <line num="9" count="3" type="stmt"/>
          <line num="10" count="0" type="stmt"/>
          <line num="13" count="3" type="stmt"/>
          <line num="14" count="0" type="stmt"/>
        </file>
      </package>
      <package name="utils">
        <metrics statements="3" coveredstatements="3" conditionals="0" coveredconditionals="0" methods="1" coveredmethods="1"/>
        <file name="testData.js" path="/Users/jaydev/Projects/rocket-ui-test-v2/src/utils/testData.js">
          <metrics statements="3" coveredstatements="3" conditionals="0" coveredconditionals="0" methods="1" coveredmethods="1"/>
          <line num="5" count="3" type="stmt"/>
          <line num="92" count="3" type="stmt"/>
          <line num="93" count="6" type="stmt"/>
        </file>
      </package>
      <package name="views">
        <metrics statements="12" coveredstatements="8" conditionals="2" coveredconditionals="1" methods="7" coveredmethods="4"/>
        <file name="ConnectedView.js" path="/Users/jaydev/Projects/rocket-ui-test-v2/src/views/ConnectedView.js">
          <metrics statements="5" coveredstatements="4" conditionals="0" coveredconditionals="0" methods="3" coveredmethods="2"/>
          <line num="7" count="1" type="stmt"/>
          <line num="17" count="0" type="stmt"/>
          <line num="21" count="3" type="stmt"/>
          <line num="26" count="3" type="stmt"/>
          <line num="36" count="1" type="stmt"/>
        </file>
        <file name="ErrorBoundry.js" path="/Users/jaydev/Projects/rocket-ui-test-v2/src/views/ErrorBoundry.js">
          <metrics statements="5" coveredstatements="2" conditionals="2" coveredconditionals="1" methods="3" coveredmethods="1"/>
          <line num="11" count="0" type="stmt"/>
          <line num="15" count="0" type="stmt"/>
          <line num="19" count="3" type="cond" truecount="1" falsecount="1"/>
          <line num="21" count="0" type="stmt"/>
          <line num="25" count="3" type="stmt"/>
        </file>
        <file name="Layout.js" path="/Users/jaydev/Projects/rocket-ui-test-v2/src/views/Layout.js">
          <metrics statements="2" coveredstatements="2" conditionals="0" coveredconditionals="0" methods="1" coveredmethods="1"/>
          <line num="3" count="1" type="stmt"/>
          <line num="6" count="3" type="stmt"/>
        </file>
      </package>
    </metrics>
  </project>
</coverage>
