{"/Users/jaydev/Projects/rocket-ui-test-v2/src/components/Launces/index.js": {"path":"/Users/jaydev/Projects/rocket-ui-test-v2/src/components/Launces/index.js","statementMap":{"0":{"start":{"line":7,"column":17},"end":{"line":42,"column":1}},"1":{"start":{"line":9,"column":39},"end":{"line":9,"column":67}},"2":{"start":{"line":11,"column":20},"end":{"line":34,"column":2}},"3":{"start":{"line":12,"column":2},"end":{"line":14,"column":3}},"4":{"start":{"line":13,"column":4},"end":{"line":13,"column":32}},"5":{"start":{"line":16,"column":2},"end":{"line":18,"column":3}},"6":{"start":{"line":17,"column":4},"end":{"line":17,"column":32}},"7":{"start":{"line":20,"column":17},"end":{"line":20,"column":19}},"8":{"start":{"line":21,"column":2},"end":{"line":31,"column":3}},"9":{"start":{"line":23,"column":18},"end":{"line":23,"column":37}},"10":{"start":{"line":25,"column":3},"end":{"line":30,"column":4}},"11":{"start":{"line":33,"column":2},"end":{"line":33,"column":43}},"12":{"start":{"line":36,"column":1},"end":{"line":41,"column":2}}},"fnMap":{"0":{"name":"(anonymous_0)","decl":{"start":{"line":7,"column":17},"end":{"line":7,"column":18}},"loc":{"start":{"line":7,"column":23},"end":{"line":42,"column":1}},"line":7},"1":{"name":"(anonymous_1)","decl":{"start":{"line":11,"column":20},"end":{"line":11,"column":21}},"loc":{"start":{"line":11,"column":26},"end":{"line":34,"column":2}},"line":11}},"branchMap":{"0":{"loc":{"start":{"line":12,"column":2},"end":{"line":14,"column":3}},"type":"if","locations":[{"start":{"line":12,"column":2},"end":{"line":14,"column":3}},{"start":{"line":12,"column":2},"end":{"line":14,"column":3}}],"line":12},"1":{"loc":{"start":{"line":16,"column":2},"end":{"line":18,"column":3}},"type":"if","locations":[{"start":{"line":16,"column":2},"end":{"line":18,"column":3}},{"start":{"line":16,"column":2},"end":{"line":18,"column":3}}],"line":16}},"s":{"0":1,"1":3,"2":3,"3":3,"4":1,"5":2,"6":1,"7":1,"8":1,"9":1,"10":1,"11":1,"12":3},"f":{"0":3,"1":3},"b":{"0":[1,2],"1":[1,1]},"_coverageSchema":"332fd63041d2c1bcb487cc26dd0d5f7d97098a6c","hash":"2d5eeab1510b2283cb27867b18ffb148d7ffe022"}
,"/Users/jaydev/Projects/rocket-ui-test-v2/src/components/Launch/index.js": {"path":"/Users/jaydev/Projects/rocket-ui-test-v2/src/components/Launch/index.js","statementMap":{"0":{"start":{"line":4,"column":16},"end":{"line":23,"column":1}},"1":{"start":{"line":6,"column":84},"end":{"line":6,"column":112}},"2":{"start":{"line":7,"column":28},"end":{"line":7,"column":93}},"3":{"start":{"line":7,"column":55},"end":{"line":7,"column":92}},"4":{"start":{"line":8,"column":16},"end":{"line":8,"column":93}},"5":{"start":{"line":10,"column":2},"end":{"line":22,"column":4}},"6":{"start":{"line":11,"column":58},"end":{"line":11,"column":120}}},"fnMap":{"0":{"name":"(anonymous_0)","decl":{"start":{"line":4,"column":16},"end":{"line":4,"column":17}},"loc":{"start":{"line":4,"column":30},"end":{"line":23,"column":1}},"line":4},"1":{"name":"(anonymous_1)","decl":{"start":{"line":7,"column":45},"end":{"line":7,"column":46}},"loc":{"start":{"line":7,"column":55},"end":{"line":7,"column":92}},"line":7},"2":{"name":"(anonymous_2)","decl":{"start":{"line":11,"column":52},"end":{"line":11,"column":53}},"loc":{"start":{"line":11,"column":58},"end":{"line":11,"column":120}},"line":11}},"branchMap":{"0":{"loc":{"start":{"line":8,"column":27},"end":{"line":8,"column":90}},"type":"cond-expr","locations":[{"start":{"line":8,"column":77},"end":{"line":8,"column":81}},{"start":{"line":8,"column":84},"end":{"line":8,"column":90}}],"line":8},"1":{"loc":{"start":{"line":17,"column":22},"end":{"line":17,"column":76}},"type":"binary-expr","locations":[{"start":{"line":17,"column":22},"end":{"line":17,"column":39}},{"start":{"line":17,"column":43},"end":{"line":17,"column":76}}],"line":17},"2":{"loc":{"start":{"line":18,"column":29},"end":{"line":18,"column":79}},"type":"binary-expr","locations":[{"start":{"line":18,"column":29},"end":{"line":18,"column":46}},{"start":{"line":18,"column":50},"end":{"line":18,"column":79}}],"line":18}},"s":{"0":2,"1":3,"2":3,"3":3,"4":3,"5":3,"6":0},"f":{"0":3,"1":3,"2":0},"b":{"0":[3,0],"1":[3,3],"2":[3,3]},"_coverageSchema":"332fd63041d2c1bcb487cc26dd0d5f7d97098a6c","hash":"88dd65e74884a9fb434ab54b6c4c5b0c4f6fe35e"}
,"/Users/jaydev/Projects/rocket-ui-test-v2/src/components/Navigation/index.js": {"path":"/Users/jaydev/Projects/rocket-ui-test-v2/src/components/Navigation/index.js","statementMap":{"0":{"start":{"line":4,"column":19},"end":{"line":8,"column":1}},"1":{"start":{"line":5,"column":2},"end":{"line":7,"column":7}}},"fnMap":{"0":{"name":"(anonymous_0)","decl":{"start":{"line":4,"column":19},"end":{"line":4,"column":20}},"loc":{"start":{"line":5,"column":2},"end":{"line":7,"column":7}},"line":5}},"branchMap":{},"s":{"0":2,"1":2},"f":{"0":2},"b":{},"_coverageSchema":"332fd63041d2c1bcb487cc26dd0d5f7d97098a6c","hash":"00d6817aabb24698b666b827c2ed8d8d3135585d"}
,"/Users/jaydev/Projects/rocket-ui-test-v2/src/services/LaunchCollectionProvider.js": {"path":"/Users/jaydev/Projects/rocket-ui-test-v2/src/services/LaunchCollectionProvider.js","statementMap":{"0":{"start":{"line":6,"column":21},"end":{"line":12,"column":1}},"1":{"start":{"line":14,"column":39},"end":{"line":14,"column":66}},"2":{"start":{"line":16,"column":33},"end":{"line":70,"column":1}},"3":{"start":{"line":17,"column":22},"end":{"line":17,"column":40}},"4":{"start":{"line":17,"column":28},"end":{"line":17,"column":40}},"5":{"start":{"line":19,"column":43},"end":{"line":19,"column":67}},"6":{"start":{"line":21,"column":1},"end":{"line":38,"column":3}},"7":{"start":{"line":23,"column":27},"end":{"line":34,"column":4}},"8":{"start":{"line":24,"column":4},"end":{"line":33,"column":5}},"9":{"start":{"line":25,"column":22},"end":{"line":25,"column":47}},"10":{"start":{"line":26,"column":5},"end":{"line":30,"column":8}},"11":{"start":{"line":32,"column":5},"end":{"line":32,"column":22}},"12":{"start":{"line":35,"column":3},"end":{"line":35,"column":21}},"13":{"start":{"line":40,"column":1},"end":{"line":69,"column":3}},"14":{"start":{"line":45,"column":22},"end":{"line":45,"column":39}},"15":{"start":{"line":47,"column":5},"end":{"line":61,"column":6}},"16":{"start":{"line":48,"column":6},"end":{"line":48,"column":79}},"17":{"start":{"line":51,"column":32},"end":{"line":51,"column":110}},"18":{"start":{"line":51,"column":72},"end":{"line":51,"column":109}},"19":{"start":{"line":54,"column":6},"end":{"line":60,"column":7}},"20":{"start":{"line":55,"column":27},"end":{"line":55,"column":68}},"21":{"start":{"line":56,"column":7},"end":{"line":56,"column":139}},"22":{"start":{"line":59,"column":7},"end":{"line":59,"column":76}},"23":{"start":{"line":62,"column":5},"end":{"line":62,"column":51}},"24":{"start":{"line":63,"column":5},"end":{"line":63,"column":32}},"25":{"start":{"line":74,"column":42},"end":{"line":76,"column":1}},"26":{"start":{"line":75,"column":1},"end":{"line":75,"column":44}}},"fnMap":{"0":{"name":"(anonymous_0)","decl":{"start":{"line":16,"column":33},"end":{"line":16,"column":34}},"loc":{"start":{"line":16,"column":51},"end":{"line":70,"column":1}},"line":16},"1":{"name":"(anonymous_1)","decl":{"start":{"line":17,"column":22},"end":{"line":17,"column":23}},"loc":{"start":{"line":17,"column":28},"end":{"line":17,"column":40}},"line":17},"2":{"name":"(anonymous_2)","decl":{"start":{"line":22,"column":2},"end":{"line":22,"column":3}},"loc":{"start":{"line":22,"column":8},"end":{"line":36,"column":3}},"line":22},"3":{"name":"(anonymous_3)","decl":{"start":{"line":23,"column":27},"end":{"line":23,"column":28}},"loc":{"start":{"line":23,"column":39},"end":{"line":34,"column":4}},"line":23},"4":{"name":"(anonymous_4)","decl":{"start":{"line":44,"column":21},"end":{"line":44,"column":22}},"loc":{"start":{"line":44,"column":73},"end":{"line":64,"column":5}},"line":44},"5":{"name":"(anonymous_5)","decl":{"start":{"line":51,"column":62},"end":{"line":51,"column":63}},"loc":{"start":{"line":51,"column":72},"end":{"line":51,"column":109}},"line":51},"6":{"name":"(anonymous_6)","decl":{"start":{"line":74,"column":42},"end":{"line":74,"column":43}},"loc":{"start":{"line":74,"column":48},"end":{"line":76,"column":1}},"line":74}},"branchMap":{"0":{"loc":{"start":{"line":47,"column":5},"end":{"line":61,"column":6}},"type":"if","locations":[{"start":{"line":47,"column":5},"end":{"line":61,"column":6}},{"start":{"line":47,"column":5},"end":{"line":61,"column":6}}],"line":47},"1":{"loc":{"start":{"line":54,"column":6},"end":{"line":60,"column":7}},"type":"if","locations":[{"start":{"line":54,"column":6},"end":{"line":60,"column":7}},{"start":{"line":54,"column":6},"end":{"line":60,"column":7}}],"line":54}},"s":{"0":3,"1":3,"2":3,"3":0,"4":0,"5":0,"6":0,"7":0,"8":0,"9":0,"10":0,"11":0,"12":0,"13":0,"14":0,"15":0,"16":0,"17":0,"18":0,"19":0,"20":0,"21":0,"22":0,"23":0,"24":0,"25":3,"26":6},"f":{"0":0,"1":0,"2":0,"3":0,"4":0,"5":0,"6":6},"b":{"0":[0,0],"1":[0,0]},"_coverageSchema":"332fd63041d2c1bcb487cc26dd0d5f7d97098a6c","hash":"28eecbdb0ac719757c01653a506eef0b365148b6"}
,"/Users/jaydev/Projects/rocket-ui-test-v2/src/services/SPACEXService.js": {"path":"/Users/jaydev/Projects/rocket-ui-test-v2/src/services/SPACEXService.js","statementMap":{"0":{"start":{"line":3,"column":21},"end":{"line":3,"column":52}},"1":{"start":{"line":4,"column":19},"end":{"line":4,"column":45}},"2":{"start":{"line":5,"column":18},"end":{"line":5,"column":43}},"3":{"start":{"line":7,"column":12},"end":{"line":7,"column":26}},"4":{"start":{"line":9,"column":29},"end":{"line":11,"column":1}},"5":{"start":{"line":10,"column":13},"end":{"line":10,"column":37}},"6":{"start":{"line":13,"column":29},"end":{"line":15,"column":1}},"7":{"start":{"line":14,"column":21},"end":{"line":14,"column":56}}},"fnMap":{"0":{"name":"(anonymous_0)","decl":{"start":{"line":10,"column":7},"end":{"line":10,"column":8}},"loc":{"start":{"line":10,"column":13},"end":{"line":10,"column":37}},"line":10},"1":{"name":"(anonymous_1)","decl":{"start":{"line":14,"column":7},"end":{"line":14,"column":8}},"loc":{"start":{"line":14,"column":21},"end":{"line":14,"column":56}},"line":14}},"branchMap":{},"s":{"0":3,"1":3,"2":3,"3":3,"4":3,"5":0,"6":3,"7":0},"f":{"0":0,"1":0},"b":{},"_coverageSchema":"332fd63041d2c1bcb487cc26dd0d5f7d97098a6c","hash":"f5a23a35a70228b8572702922c87e7e81a84d3e2"}
,"/Users/jaydev/Projects/rocket-ui-test-v2/src/utils/testData.js": {"path":"/Users/jaydev/Projects/rocket-ui-test-v2/src/utils/testData.js","statementMap":{"0":{"start":{"line":5,"column":28},"end":{"line":90,"column":1}},"1":{"start":{"line":92,"column":33},"end":{"line":94,"column":1}},"2":{"start":{"line":93,"column":1},"end":{"line":93,"column":115}}},"fnMap":{"0":{"name":"(anonymous_0)","decl":{"start":{"line":92,"column":33},"end":{"line":92,"column":34}},"loc":{"start":{"line":92,"column":66},"end":{"line":94,"column":1}},"line":92}},"branchMap":{},"s":{"0":3,"1":3,"2":6},"f":{"0":6},"b":{},"_coverageSchema":"332fd63041d2c1bcb487cc26dd0d5f7d97098a6c","hash":"85c9634ace0bfecd1d4b3ee3f69ce80c4f197054"}
,"/Users/jaydev/Projects/rocket-ui-test-v2/src/views/ConnectedView.js": {"path":"/Users/jaydev/Projects/rocket-ui-test-v2/src/views/ConnectedView.js","statementMap":{"0":{"start":{"line":7,"column":13},"end":{"line":7,"column":25}},"1":{"start":{"line":17,"column":6},"end":{"line":17,"column":28}},"2":{"start":{"line":21,"column":26},"end":{"line":24,"column":7}},"3":{"start":{"line":26,"column":6},"end":{"line":32,"column":8}},"4":{"start":{"line":36,"column":2},"end":{"line":36,"column":25}}},"fnMap":{"0":{"name":"MasterLayoutHOC","decl":{"start":{"line":9,"column":9},"end":{"line":9,"column":24}},"loc":{"start":{"line":9,"column":53},"end":{"line":37,"column":1}},"line":9},"1":{"name":"(anonymous_1)","decl":{"start":{"line":16,"column":4},"end":{"line":16,"column":5}},"loc":{"start":{"line":16,"column":40},"end":{"line":18,"column":5}},"line":16},"2":{"name":"(anonymous_2)","decl":{"start":{"line":19,"column":4},"end":{"line":19,"column":5}},"loc":{"start":{"line":19,"column":13},"end":{"line":33,"column":5}},"line":19}},"branchMap":{},"s":{"0":1,"1":0,"2":3,"3":3,"4":1},"f":{"0":1,"1":0,"2":3},"b":{},"_coverageSchema":"332fd63041d2c1bcb487cc26dd0d5f7d97098a6c","hash":"d1a430dbab8f792c2f9581e8868981455ef1af05"}
,"/Users/jaydev/Projects/rocket-ui-test-v2/src/views/ErrorBoundry.js": {"path":"/Users/jaydev/Projects/rocket-ui-test-v2/src/views/ErrorBoundry.js","statementMap":{"0":{"start":{"line":11,"column":6},"end":{"line":11,"column":32}},"1":{"start":{"line":15,"column":6},"end":{"line":15,"column":53}},"2":{"start":{"line":19,"column":6},"end":{"line":24,"column":7}},"3":{"start":{"line":21,"column":8},"end":{"line":23,"column":19}},"4":{"start":{"line":25,"column":6},"end":{"line":25,"column":33}}},"fnMap":{"0":{"name":"(anonymous_0)","decl":{"start":{"line":9,"column":4},"end":{"line":9,"column":5}},"loc":{"start":{"line":9,"column":43},"end":{"line":12,"column":5}},"line":9},"1":{"name":"(anonymous_1)","decl":{"start":{"line":13,"column":4},"end":{"line":13,"column":5}},"loc":{"start":{"line":13,"column":35},"end":{"line":16,"column":5}},"line":13},"2":{"name":"(anonymous_2)","decl":{"start":{"line":17,"column":4},"end":{"line":17,"column":5}},"loc":{"start":{"line":17,"column":13},"end":{"line":26,"column":5}},"line":17}},"branchMap":{"0":{"loc":{"start":{"line":19,"column":6},"end":{"line":24,"column":7}},"type":"if","locations":[{"start":{"line":19,"column":6},"end":{"line":24,"column":7}},{"start":{"line":19,"column":6},"end":{"line":24,"column":7}}],"line":19}},"s":{"0":0,"1":0,"2":3,"3":0,"4":3},"f":{"0":0,"1":0,"2":3},"b":{"0":[0,3]},"_coverageSchema":"332fd63041d2c1bcb487cc26dd0d5f7d97098a6c","hash":"9c9f60b69d37324d7f3ef8798dd1590326505044"}
,"/Users/jaydev/Projects/rocket-ui-test-v2/src/views/Layout.js": {"path":"/Users/jaydev/Projects/rocket-ui-test-v2/src/views/Layout.js","statementMap":{"0":{"start":{"line":3,"column":15},"end":{"line":17,"column":1}},"1":{"start":{"line":6,"column":2},"end":{"line":16,"column":4}}},"fnMap":{"0":{"name":"(anonymous_0)","decl":{"start":{"line":3,"column":15},"end":{"line":3,"column":16}},"loc":{"start":{"line":5,"column":22},"end":{"line":17,"column":1}},"line":5}},"branchMap":{},"s":{"0":1,"1":3},"f":{"0":3},"b":{},"_coverageSchema":"332fd63041d2c1bcb487cc26dd0d5f7d97098a6c","hash":"ef688e1f9b364efc01a64aa9e721acfa588aad28"}
}
