TN:
SF:/Users/jaydev/Projects/rocket-ui-test-v2/src/components/Launces/index.js
FN:7,(anonymous_0)
FN:11,(anonymous_1)
FNF:2
FNH:2
FNDA:3,(anonymous_0)
FNDA:3,(anonymous_1)
DA:7,1
DA:9,3
DA:11,3
DA:12,3
DA:13,1
DA:16,2
DA:17,1
DA:20,1
DA:21,1
DA:23,1
DA:25,1
DA:33,1
DA:36,3
LF:13
LH:13
BRDA:12,0,0,1
BRDA:12,0,1,2
BRDA:16,1,0,1
BRDA:16,1,1,1
BRF:4
BRH:4
end_of_record
TN:
SF:/Users/jaydev/Projects/rocket-ui-test-v2/src/components/Launch/index.js
FN:4,(anonymous_0)
FN:7,(anonymous_1)
FN:11,(anonymous_2)
FNF:3
FNH:2
FNDA:3,(anonymous_0)
FNDA:3,(anonymous_1)
FNDA:0,(anonymous_2)
DA:4,2
DA:6,3
DA:7,3
DA:8,3
DA:10,3
DA:11,0
LF:6
LH:5
BRDA:8,0,0,3
BRDA:8,0,1,0
BRDA:17,1,0,3
BRDA:17,1,1,3
BRDA:18,2,0,3
BRDA:18,2,1,3
BRF:6
BRH:5
end_of_record
TN:
SF:/Users/jaydev/Projects/rocket-ui-test-v2/src/components/Navigation/index.js
FN:4,(anonymous_0)
FNF:1
FNH:1
FNDA:2,(anonymous_0)
DA:4,2
DA:5,2
LF:2
LH:2
BRF:0
BRH:0
end_of_record
TN:
SF:/Users/jaydev/Projects/rocket-ui-test-v2/src/services/LaunchCollectionProvider.js
FN:16,(anonymous_0)
FN:17,(anonymous_1)
FN:22,(anonymous_2)
FN:23,(anonymous_3)
FN:44,(anonymous_4)
FN:51,(anonymous_5)
FN:74,(anonymous_6)
FNF:7
FNH:1
FNDA:0,(anonymous_0)
FNDA:0,(anonymous_1)
FNDA:0,(anonymous_2)
FNDA:0,(anonymous_3)
FNDA:0,(anonymous_4)
FNDA:0,(anonymous_5)
FNDA:6,(anonymous_6)
DA:6,3
DA:14,3
DA:16,3
DA:17,0
DA:19,0
DA:21,0
DA:23,0
DA:24,0
DA:25,0
DA:26,0
DA:32,0
DA:35,0
DA:40,0
DA:45,0
DA:47,0
DA:48,0
DA:51,0
DA:54,0
DA:55,0
DA:56,0
DA:59,0
DA:62,0
DA:63,0
DA:74,3
DA:75,6
LF:25
LH:5
BRDA:47,0,0,0
BRDA:47,0,1,0
BRDA:54,1,0,0
BRDA:54,1,1,0
BRF:4
BRH:0
end_of_record
TN:
SF:/Users/jaydev/Projects/rocket-ui-test-v2/src/services/SPACEXService.js
FN:10,(anonymous_0)
FN:14,(anonymous_1)
FNF:2
FNH:0
FNDA:0,(anonymous_0)
FNDA:0,(anonymous_1)
DA:3,3
DA:4,3
DA:5,3
DA:7,3
DA:9,3
DA:10,0
DA:13,3
DA:14,0
LF:8
LH:6
BRF:0
BRH:0
end_of_record
TN:
SF:/Users/jaydev/Projects/rocket-ui-test-v2/src/utils/testData.js
FN:92,(anonymous_0)
FNF:1
FNH:1
FNDA:6,(anonymous_0)
DA:5,3
DA:92,3
DA:93,6
LF:3
LH:3
BRF:0
BRH:0
end_of_record
TN:
SF:/Users/jaydev/Projects/rocket-ui-test-v2/src/views/ConnectedView.js
FN:9,MasterLayoutHOC
FN:16,(anonymous_1)
FN:19,(anonymous_2)
FNF:3
FNH:2
FNDA:1,MasterLayoutHOC
FNDA:0,(anonymous_1)
FNDA:3,(anonymous_2)
DA:7,1
DA:17,0
DA:21,3
DA:26,3
DA:36,1
LF:5
LH:4
BRF:0
BRH:0
end_of_record
TN:
SF:/Users/jaydev/Projects/rocket-ui-test-v2/src/views/ErrorBoundry.js
FN:9,(anonymous_0)
FN:13,(anonymous_1)
FN:17,(anonymous_2)
FNF:3
FNH:1
FNDA:0,(anonymous_0)
FNDA:0,(anonymous_1)
FNDA:3,(anonymous_2)
DA:11,0
DA:15,0
DA:19,3
DA:21,0
DA:25,3
LF:5
LH:2
BRDA:19,0,0,0
BRDA:19,0,1,3
BRF:2
BRH:1
end_of_record
TN:
SF:/Users/jaydev/Projects/rocket-ui-test-v2/src/views/Layout.js
FN:3,(anonymous_0)
FNF:1
FNH:1
FNDA:3,(anonymous_0)
DA:3,1
DA:6,3
LF:2
LH:2
BRF:0
BRH:0
end_of_record
